ctsVerifier/ctsVProj/build/intermediates/manifest_merge_blame_file/debug/manifest-merger-blame-debug-report.txt
1<?xml version="1.0" encoding="utf-8"?>
2<!--
3 Copyright (C) 2010 The Android Open Source Project
4
5     Licensed under the Apache License, Version 2.0 (the "License");
6     you may not use this file except in compliance with the License.
7     You may obtain a copy of the License at
8
9          http://www.apache.org/licenses/LICENSE-2.0
10
11     Unless required by applicable law or agreed to in writing, software
12     distributed under the License is distributed on an "AS IS" BASIS,
13     WITHOUT WARRANTIES OR CONDITIONS OF ANY KIND, either express or implied.
14     See the License for the specific language governing permissions and
15     limitations under the License.
16-->
17<manifest xmlns:android="http://schemas.android.com/apk/res/android"
18    package="com.android.cts.verifier"
19    android:versionCode="5"
20    android:versionName="9.0_r12" >
21
22    <uses-sdk
23        android:minSdkVersion="23"
23-->ctsVerifier\ctsVSrc\AndroidManifest.xml
24        android:targetSdkVersion="28" />
24-->ctsVerifier\ctsVSrc\AndroidManifest.xml
25
26    <uses-permission android:name="android.permission.ACCESS_FINE_LOCATION" />
26-->ctsVerifier\ctsVSrc\AndroidManifest.xml:24:5-79
26-->ctsVerifier\ctsVSrc\AndroidManifest.xml:24:22-76
27    <uses-permission android:name="android.permission.ACCESS_LOCATION_EXTRA_COMMANDS" />
27-->ctsVerifier\ctsVSrc\AndroidManifest.xml:25:5-88
27-->ctsVerifier\ctsVSrc\AndroidManifest.xml:25:22-86
28    <uses-permission android:name="android.permission.ACCESS_NETWORK_STATE" />
28-->ctsVerifier\ctsVSrc\AndroidManifest.xml:26:5-79
28-->ctsVerifier\ctsVSrc\AndroidManifest.xml:26:22-76
29    <uses-permission android:name="android.permission.ACCESS_WIFI_STATE" />
29-->ctsVerifier\ctsVSrc\AndroidManifest.xml:27:5-76
29-->ctsVerifier\ctsVSrc\AndroidManifest.xml:27:22-73
30    <uses-permission android:name="android.permission.BLUETOOTH" />
30-->ctsVerifier\ctsVSrc\AndroidManifest.xml:28:5-68
30-->ctsVerifier\ctsVSrc\AndroidManifest.xml:28:22-65
31    <uses-permission android:name="android.permission.BLUETOOTH_ADMIN" />
31-->ctsVerifier\ctsVSrc\AndroidManifest.xml:29:5-74
31-->ctsVerifier\ctsVSrc\AndroidManifest.xml:29:22-71
32    <uses-permission android:name="android.permission.BODY_SENSORS" />
32-->ctsVerifier\ctsVSrc\AndroidManifest.xml:30:5-70
32-->ctsVerifier\ctsVSrc\AndroidManifest.xml:30:22-68
33    <uses-permission android:name="android.permission.CAMERA" />
33-->ctsVerifier\ctsVSrc\AndroidManifest.xml:31:5-65
33-->ctsVerifier\ctsVSrc\AndroidManifest.xml:31:22-62
34    <uses-permission android:name="android.permission.CHANGE_NETWORK_STATE" />
34-->ctsVerifier\ctsVSrc\AndroidManifest.xml:32:5-79
34-->ctsVerifier\ctsVSrc\AndroidManifest.xml:32:22-76
35    <uses-permission android:name="android.permission.CHANGE_WIFI_STATE" />
35-->ctsVerifier\ctsVSrc\AndroidManifest.xml:33:5-76
35-->ctsVerifier\ctsVSrc\AndroidManifest.xml:33:22-73
36    <uses-permission android:name="android.permission.FOREGROUND_SERVICE" />
36-->ctsVerifier\ctsVSrc\AndroidManifest.xml:34:5-76
36-->ctsVerifier\ctsVSrc\AndroidManifest.xml:34:22-74
37    <uses-permission android:name="android.permission.FULLSCREEN" />
37-->ctsVerifier\ctsVSrc\AndroidManifest.xml:35:5-69
37-->ctsVerifier\ctsVSrc\AndroidManifest.xml:35:22-66
38    <uses-permission android:name="android.permission.INTERNET" />
38-->ctsVerifier\ctsVSrc\AndroidManifest.xml:36:5-67
38-->ctsVerifier\ctsVSrc\AndroidManifest.xml:36:22-64
39    <uses-permission android:name="android.permission.NFC" />
39-->ctsVerifier\ctsVSrc\AndroidManifest.xml:37:5-62
39-->ctsVerifier\ctsVSrc\AndroidManifest.xml:37:22-59
40    <uses-permission android:name="android.permission.VIBRATE" />
40-->ctsVerifier\ctsVSrc\AndroidManifest.xml:38:5-66
40-->ctsVerifier\ctsVSrc\AndroidManifest.xml:38:22-63
41    <uses-permission android:name="android.permission.REQUEST_INSTALL_PACKAGES" />
41-->ctsVerifier\ctsVSrc\AndroidManifest.xml:39:5-83
41-->ctsVerifier\ctsVSrc\AndroidManifest.xml:39:22-80
42
43    <uses-feature
43-->ctsVerifier\ctsVSrc\AndroidManifest.xml:40:5-84
44        android:name="android.hardware.camera"
44-->ctsVerifier\ctsVSrc\AndroidManifest.xml:40:19-57
45        android:required="false" />
45-->ctsVerifier\ctsVSrc\AndroidManifest.xml:40:58-82
46    <uses-feature
46-->ctsVerifier\ctsVSrc\AndroidManifest.xml:41:5-90
47        android:name="android.hardware.camera.flash"
47-->ctsVerifier\ctsVSrc\AndroidManifest.xml:41:19-63
48        android:required="false" />
48-->ctsVerifier\ctsVSrc\AndroidManifest.xml:41:64-88
49    <uses-feature
49-->ctsVerifier\ctsVSrc\AndroidManifest.xml:42:5-99
50        android:name="android.hardware.sensor.accelerometer"
50-->ctsVerifier\ctsVSrc\AndroidManifest.xml:42:19-71
51        android:required="false" />
51-->ctsVerifier\ctsVSrc\AndroidManifest.xml:42:72-96
52    <uses-feature
52-->ctsVerifier\ctsVSrc\AndroidManifest.xml:43:5-93
53        android:name="android.hardware.sensor.compass"
53-->ctsVerifier\ctsVSrc\AndroidManifest.xml:43:19-65
54        android:required="false" />
54-->ctsVerifier\ctsVSrc\AndroidManifest.xml:43:66-90
55    <uses-feature
55-->ctsVerifier\ctsVSrc\AndroidManifest.xml:44:5-95
56        android:name="android.hardware.sensor.gyroscope"
56-->ctsVerifier\ctsVSrc\AndroidManifest.xml:44:19-67
57        android:required="false" />
57-->ctsVerifier\ctsVSrc\AndroidManifest.xml:44:68-92
58    <uses-feature
58-->ctsVerifier\ctsVSrc\AndroidManifest.xml:45:5-46:46
59        android:name="android.hardware.camera.front"
59-->ctsVerifier\ctsVSrc\AndroidManifest.xml:45:19-63
60        android:required="false" />
60-->ctsVerifier\ctsVSrc\AndroidManifest.xml:46:19-43
61    <uses-feature
61-->ctsVerifier\ctsVSrc\AndroidManifest.xml:47:5-48:46
62        android:name="android.hardware.camera.autofocus"
62-->ctsVerifier\ctsVSrc\AndroidManifest.xml:47:19-67
63        android:required="false" />
63-->ctsVerifier\ctsVSrc\AndroidManifest.xml:48:19-43
64    <uses-feature
64-->ctsVerifier\ctsVSrc\AndroidManifest.xml:49:5-97
65        android:name="android.hardware.vr.high_performance"
65-->ctsVerifier\ctsVSrc\AndroidManifest.xml:49:19-70
66        android:required="false" />
66-->ctsVerifier\ctsVSrc\AndroidManifest.xml:49:71-95
67    <uses-feature android:name="android.software.companion_device_setup" />
67-->ctsVerifier\ctsVSrc\AndroidManifest.xml:50:5-76
67-->ctsVerifier\ctsVSrc\AndroidManifest.xml:50:19-73
68
69    <uses-permission android:name="android.permission.READ_EXTERNAL_STORAGE" />
69-->ctsVerifier\ctsVSrc\AndroidManifest.xml:51:5-80
69-->ctsVerifier\ctsVSrc\AndroidManifest.xml:51:22-77
70    <uses-permission android:name="android.permission.RECORD_AUDIO" />
70-->ctsVerifier\ctsVSrc\AndroidManifest.xml:52:5-71
70-->ctsVerifier\ctsVSrc\AndroidManifest.xml:52:22-68
71    <uses-permission android:name="android.permission.WAKE_LOCK" />
71-->ctsVerifier\ctsVSrc\AndroidManifest.xml:53:5-68
71-->ctsVerifier\ctsVSrc\AndroidManifest.xml:53:22-65
72    <uses-permission android:name="android.permission.WRITE_EXTERNAL_STORAGE" />
72-->ctsVerifier\ctsVSrc\AndroidManifest.xml:54:5-81
72-->ctsVerifier\ctsVSrc\AndroidManifest.xml:54:22-78
73    <uses-permission android:name="com.android.alarm.permission.SET_ALARM" />
73-->ctsVerifier\ctsVSrc\AndroidManifest.xml:55:5-78
73-->ctsVerifier\ctsVSrc\AndroidManifest.xml:55:22-75
74
75    <uses-feature android:name="android.hardware.usb.accessory" />
75-->ctsVerifier\ctsVSrc\AndroidManifest.xml:56:5-67
75-->ctsVerifier\ctsVSrc\AndroidManifest.xml:56:19-64
76
77    <uses-permission android:name="android.permission.CALL_PHONE" />
77-->ctsVerifier\ctsVSrc\AndroidManifest.xml:57:5-69
77-->ctsVerifier\ctsVSrc\AndroidManifest.xml:57:22-66
78    <uses-permission android:name="android.permission.READ_PHONE_STATE" />
78-->ctsVerifier\ctsVSrc\AndroidManifest.xml:58:5-75
78-->ctsVerifier\ctsVSrc\AndroidManifest.xml:58:22-72
79    <uses-permission android:name="android.permission.READ_CONTACTS" />
79-->ctsVerifier\ctsVSrc\AndroidManifest.xml:59:5-71
79-->ctsVerifier\ctsVSrc\AndroidManifest.xml:59:22-69
80    <uses-permission android:name="android.permission.WRITE_CONTACTS" />
80-->ctsVerifier\ctsVSrc\AndroidManifest.xml:60:5-72
80-->ctsVerifier\ctsVSrc\AndroidManifest.xml:60:22-70
81    <uses-permission android:name="android.permission.ACCESS_NETWORK_STATE" />
81-->ctsVerifier\ctsVSrc\AndroidManifest.xml:26:5-79
81-->ctsVerifier\ctsVSrc\AndroidManifest.xml:26:22-76
82    <uses-permission android:name="com.android.providers.tv.permission.WRITE_EPG_DATA" />
82-->ctsVerifier\ctsVSrc\AndroidManifest.xml:62:5-90
82-->ctsVerifier\ctsVSrc\AndroidManifest.xml:62:22-87
83    <uses-permission android:name="android.permission.USE_FINGERPRINT" />
83-->ctsVerifier\ctsVSrc\AndroidManifest.xml:63:5-73
83-->ctsVerifier\ctsVSrc\AndroidManifest.xml:63:22-71
84    <uses-permission android:name="android.permission.USE_BIOMETRIC" />
84-->ctsVerifier\ctsVSrc\AndroidManifest.xml:64:5-71
84-->ctsVerifier\ctsVSrc\AndroidManifest.xml:64:22-69
85    <uses-permission android:name="android.permission.ACCESS_NOTIFICATION_POLICY" />
85-->ctsVerifier\ctsVSrc\AndroidManifest.xml:65:5-85
85-->ctsVerifier\ctsVSrc\AndroidManifest.xml:65:22-82
86    <uses-permission android:name="android.permission.ACCESS_WIFI_STATE" />
86-->ctsVerifier\ctsVSrc\AndroidManifest.xml:27:5-76
86-->ctsVerifier\ctsVSrc\AndroidManifest.xml:27:22-73
87    <uses-permission android:name="android.permission.CHANGE_WIFI_STATE" />
87-->ctsVerifier\ctsVSrc\AndroidManifest.xml:33:5-76
87-->ctsVerifier\ctsVSrc\AndroidManifest.xml:33:22-73
88    <uses-permission android:name="android.permission.ACCESS_COARSE_LOCATION" />
88-->ctsVerifier\ctsVSrc\AndroidManifest.xml:68:5-81
88-->ctsVerifier\ctsVSrc\AndroidManifest.xml:68:22-78
89    <uses-permission android:name="android.permission.READ_PHONE_STATE" />
89-->ctsVerifier\ctsVSrc\AndroidManifest.xml:58:5-75
89-->ctsVerifier\ctsVSrc\AndroidManifest.xml:58:22-72
90    <uses-permission android:name="android.permission.READ_SMS" />
90-->ctsVerifier\ctsVSrc\AndroidManifest.xml:71:5-66
90-->ctsVerifier\ctsVSrc\AndroidManifest.xml:71:22-64
91    <uses-permission android:name="android.permission.READ_PHONE_NUMBERS" />
91-->ctsVerifier\ctsVSrc\AndroidManifest.xml:72:5-76
91-->ctsVerifier\ctsVSrc\AndroidManifest.xml:72:22-74
92    <uses-permission android:name="android.permission.RECEIVE_SMS" />
92-->ctsVerifier\ctsVSrc\AndroidManifest.xml:73:5-70
92-->ctsVerifier\ctsVSrc\AndroidManifest.xml:73:22-67
93    <uses-permission android:name="android.permission.SEND_SMS" />
93-->ctsVerifier\ctsVSrc\AndroidManifest.xml:74:5-67
93-->ctsVerifier\ctsVSrc\AndroidManifest.xml:74:22-64
94
95    <!-- Needed by UsbTest tapjacking -->
96    <uses-permission android:name="android.permission.SYSTEM_ALERT_WINDOW" />
96-->ctsVerifier\ctsVSrc\AndroidManifest.xml:77:5-78
96-->ctsVerifier\ctsVSrc\AndroidManifest.xml:77:22-75
97
98    <!-- Needed by the Audio Quality Verifier to store the sound samples that will be mailed. -->
99    <uses-permission android:name="android.permission.WRITE_EXTERNAL_STORAGE" />
99-->ctsVerifier\ctsVSrc\AndroidManifest.xml:54:5-81
99-->ctsVerifier\ctsVSrc\AndroidManifest.xml:54:22-78
100
101    <!-- Needed for Telecom self-managed ConnectionService tests. -->
102    <uses-permission android:name="android.permission.MANAGE_OWN_CALLS" />
102-->ctsVerifier\ctsVSrc\AndroidManifest.xml:83:5-75
102-->ctsVerifier\ctsVSrc\AndroidManifest.xml:83:22-72
103
104    <application
104-->ctsVerifier\ctsVSrc\AndroidManifest.xml:85:5-3503:19
105        android:debuggable="true"
105-->ctsVerifier\ctsVSrc\AndroidManifest.xml:88:13-38
106        android:icon="@drawable/icon"
106-->ctsVerifier\ctsVSrc\AndroidManifest.xml:87:13-42
107        android:label="@string/app_name"
107-->ctsVerifier\ctsVSrc\AndroidManifest.xml:86:13-45
108        android:largeHeap="true"
108-->ctsVerifier\ctsVSrc\AndroidManifest.xml:89:13-37
109        android:networkSecurityConfig="@xml/network_security_config"
109-->ctsVerifier\ctsVSrc\AndroidManifest.xml:85:18-78
110        android:theme="@android:style/Theme.DeviceDefault" >
110-->ctsVerifier\ctsVSrc\AndroidManifest.xml:90:13-63
111        <provider
111-->ctsVerifier\ctsVSrc\AndroidManifest.xml:92:9-94:54
112            android:name="android.location.cts.MmsPduProvider"
112-->ctsVerifier\ctsVSrc\AndroidManifest.xml:92:19-69
113            android:authorities="emergencycallverifier"
113-->ctsVerifier\ctsVSrc\AndroidManifest.xml:93:17-60
114            android:grantUriPermissions="true" />
114-->ctsVerifier\ctsVSrc\AndroidManifest.xml:94:17-51
115
116        <uses-library android:name="android.test.runner" />
116-->ctsVerifier\ctsVSrc\AndroidManifest.xml:95:9-60
116-->ctsVerifier\ctsVSrc\AndroidManifest.xml:95:23-57
117
118        <meta-data
118-->ctsVerifier\ctsVSrc\AndroidManifest.xml:97:9-76
119            android:name="SuiteName"
119-->ctsVerifier\ctsVSrc\AndroidManifest.xml:97:20-44
120            android:value="CTS_VERIFIER" />
120-->ctsVerifier\ctsVSrc\AndroidManifest.xml:97:45-73
121        <meta-data
121-->ctsVerifier\ctsVSrc\AndroidManifest.xml:99:9-100:35
122            android:name="android.telephony.HIDE_VOICEMAIL_SETTINGS_MENU"
122-->ctsVerifier\ctsVSrc\AndroidManifest.xml:99:20-81
123            android:value="true" />
123-->ctsVerifier\ctsVSrc\AndroidManifest.xml:100:13-33
124
125        <uses-library android:name="android.test.runner" />
125-->ctsVerifier\ctsVSrc\AndroidManifest.xml:95:9-60
125-->ctsVerifier\ctsVSrc\AndroidManifest.xml:95:23-57
126
127        <activity
127-->ctsVerifier\ctsVSrc\AndroidManifest.xml:103:9-87
128            android:name="com.android.cts.verifier.TestListActivity"
128-->ctsVerifier\ctsVSrc\AndroidManifest.xml:103:19-51
129            android:label="@string/app_name" />
129-->ctsVerifier\ctsVSrc\AndroidManifest.xml:103:52-84
130
131        <activity-alias
131-->ctsVerifier\ctsVSrc\AndroidManifest.xml:2197:9-2204:26
132            android:name="com.android.cts.verifier.CtsVerifierActivity"
132-->ctsVerifier\ctsVSrc\AndroidManifest.xml:2197:25-60
133            android:label="@string/app_name"
133-->ctsVerifier\ctsVSrc\AndroidManifest.xml:2197:61-93
134            android:targetActivity="com.android.cts.verifier.TestListActivity" >
134-->ctsVerifier\ctsVSrc\AndroidManifest.xml:2198:17-59
135            <intent-filter>
135-->ctsVerifier\ctsVSrc\AndroidManifest.xml:2199:13-2203:29
136                <action android:name="android.intent.action.MAIN" />
136-->ctsVerifier\ctsVSrc\AndroidManifest.xml:114:17-69
136-->ctsVerifier\ctsVSrc\AndroidManifest.xml:114:25-66
137
138                <category android:name="android.intent.category.LAUNCHER" />
138-->ctsVerifier\ctsVSrc\AndroidManifest.xml:2201:17-77
138-->ctsVerifier\ctsVSrc\AndroidManifest.xml:2201:27-74
139                <category android:name="android.intent.category.LEANBACK_LAUNCHER" />
139-->ctsVerifier\ctsVSrc\AndroidManifest.xml:2202:17-86
139-->ctsVerifier\ctsVSrc\AndroidManifest.xml:2202:27-83
140            </intent-filter>
141        </activity-alias>
142
143        <activity
143-->ctsVerifier\ctsVSrc\AndroidManifest.xml:105:9-107:57
144            android:name="com.android.cts.verifier.ReportViewerActivity"
144-->ctsVerifier\ctsVSrc\AndroidManifest.xml:105:19-55
145            android:configChanges="keyboardHidden|orientation|screenSize"
145-->ctsVerifier\ctsVSrc\AndroidManifest.xml:106:17-78
146            android:label="@string/report_viewer" />
146-->ctsVerifier\ctsVSrc\AndroidManifest.xml:107:17-54
147
148        <provider
148-->ctsVerifier\ctsVSrc\AndroidManifest.xml:109:9-110:86
149            android:name="com.android.cts.verifier.TestResultsProvider"
149-->ctsVerifier\ctsVSrc\AndroidManifest.xml:109:19-54
150            android:authorities="com.android.cts.verifier.testresultsprovider" />
150-->ctsVerifier\ctsVSrc\AndroidManifest.xml:110:17-83
151
152        <activity
152-->ctsVerifier\ctsVSrc\AndroidManifest.xml:112:9-118:20
153            android:name="com.android.cts.verifier.admin.tapjacking.UsbTest"
153-->ctsVerifier\ctsVSrc\AndroidManifest.xml:112:19-59
154            android:label="@string/usb_tapjacking_test" >
154-->ctsVerifier\ctsVSrc\AndroidManifest.xml:112:60-103
155            <intent-filter>
155-->ctsVerifier\ctsVSrc\AndroidManifest.xml:113:13-116:29
156                <action android:name="android.intent.action.MAIN" />
156-->ctsVerifier\ctsVSrc\AndroidManifest.xml:114:17-69
156-->ctsVerifier\ctsVSrc\AndroidManifest.xml:114:25-66
157
158                <category android:name="android.cts.intent.category.MANUAL_TEST" />
158-->ctsVerifier\ctsVSrc\AndroidManifest.xml:115:17-84
158-->ctsVerifier\ctsVSrc\AndroidManifest.xml:115:27-81
159            </intent-filter>
160
161            <meta-data
161-->ctsVerifier\ctsVSrc\AndroidManifest.xml:117:13-106
162                android:name="test_category"
162-->ctsVerifier\ctsVSrc\AndroidManifest.xml:117:24-52
163                android:value="@string/test_category_device_admin" />
163-->ctsVerifier\ctsVSrc\AndroidManifest.xml:117:53-103
164        </activity>
165        <activity
165-->ctsVerifier\ctsVSrc\AndroidManifest.xml:120:9-132:20
166            android:name="com.android.cts.verifier.admin.PolicySerializationTestActivity"
166-->ctsVerifier\ctsVSrc\AndroidManifest.xml:120:19-72
167            android:configChanges="keyboardHidden|orientation|screenSize"
167-->ctsVerifier\ctsVSrc\AndroidManifest.xml:122:17-78
168            android:label="@string/da_policy_serialization_test" >
168-->ctsVerifier\ctsVSrc\AndroidManifest.xml:121:17-69
169            <intent-filter>
169-->ctsVerifier\ctsVSrc\AndroidManifest.xml:113:13-116:29
170                <action android:name="android.intent.action.MAIN" />
170-->ctsVerifier\ctsVSrc\AndroidManifest.xml:114:17-69
170-->ctsVerifier\ctsVSrc\AndroidManifest.xml:114:25-66
171
172                <category android:name="android.cts.intent.category.MANUAL_TEST" />
172-->ctsVerifier\ctsVSrc\AndroidManifest.xml:115:17-84
172-->ctsVerifier\ctsVSrc\AndroidManifest.xml:115:27-81
173            </intent-filter>
174
175            <meta-data
175-->ctsVerifier\ctsVSrc\AndroidManifest.xml:117:13-106
176                android:name="test_category"
176-->ctsVerifier\ctsVSrc\AndroidManifest.xml:117:24-52
177                android:value="@string/test_category_device_admin" />
177-->ctsVerifier\ctsVSrc\AndroidManifest.xml:117:53-103
178            <meta-data
178-->ctsVerifier\ctsVSrc\AndroidManifest.xml:128:13-129:79
179                android:name="test_excluded_features"
179-->ctsVerifier\ctsVSrc\AndroidManifest.xml:128:24-61
180                android:value="android.software.lockscreen_disabled" />
180-->ctsVerifier\ctsVSrc\AndroidManifest.xml:129:24-76
181            <meta-data
181-->ctsVerifier\ctsVSrc\AndroidManifest.xml:130:13-131:69
182                android:name="test_required_features"
182-->ctsVerifier\ctsVSrc\AndroidManifest.xml:130:24-61
183                android:value="android.software.device_admin" />
183-->ctsVerifier\ctsVSrc\AndroidManifest.xml:131:21-66
184        </activity>
185        <activity
185-->ctsVerifier\ctsVSrc\AndroidManifest.xml:134:9-144:20
186            android:name="com.android.cts.verifier.admin.DeviceAdminUninstallTestActivity"
186-->ctsVerifier\ctsVSrc\AndroidManifest.xml:134:19-73
187            android:configChanges="keyboardHidden|orientation|screenSize"
187-->ctsVerifier\ctsVSrc\AndroidManifest.xml:136:19-80
188            android:label="@string/da_uninstall_test" >
188-->ctsVerifier\ctsVSrc\AndroidManifest.xml:135:19-60
189            <intent-filter>
189-->ctsVerifier\ctsVSrc\AndroidManifest.xml:113:13-116:29
190                <action android:name="android.intent.action.MAIN" />
190-->ctsVerifier\ctsVSrc\AndroidManifest.xml:114:17-69
190-->ctsVerifier\ctsVSrc\AndroidManifest.xml:114:25-66
191
192                <category android:name="android.cts.intent.category.MANUAL_TEST" />
192-->ctsVerifier\ctsVSrc\AndroidManifest.xml:115:17-84
192-->ctsVerifier\ctsVSrc\AndroidManifest.xml:115:27-81
193            </intent-filter>
194
195            <meta-data
195-->ctsVerifier\ctsVSrc\AndroidManifest.xml:117:13-106
196                android:name="test_category"
196-->ctsVerifier\ctsVSrc\AndroidManifest.xml:117:24-52
197                android:value="@string/test_category_device_admin" />
197-->ctsVerifier\ctsVSrc\AndroidManifest.xml:117:53-103
198            <meta-data
198-->ctsVerifier\ctsVSrc\AndroidManifest.xml:130:13-131:69
199                android:name="test_required_features"
199-->ctsVerifier\ctsVSrc\AndroidManifest.xml:130:24-61
200                android:value="android.software.device_admin" />
200-->ctsVerifier\ctsVSrc\AndroidManifest.xml:131:21-66
201        </activity>
202        <activity
202-->ctsVerifier\ctsVSrc\AndroidManifest.xml:146:9-156:20
203            android:name="com.android.cts.verifier.admin.tapjacking.DeviceAdminTapjackingTestActivity"
203-->ctsVerifier\ctsVSrc\AndroidManifest.xml:146:19-85
204            android:configChanges="keyboardHidden|orientation|screenSize"
204-->ctsVerifier\ctsVSrc\AndroidManifest.xml:148:19-80
205            android:label="@string/da_tapjacking_test" >
205-->ctsVerifier\ctsVSrc\AndroidManifest.xml:147:19-61
206            <intent-filter>
206-->ctsVerifier\ctsVSrc\AndroidManifest.xml:113:13-116:29
207                <action android:name="android.intent.action.MAIN" />
207-->ctsVerifier\ctsVSrc\AndroidManifest.xml:114:17-69
207-->ctsVerifier\ctsVSrc\AndroidManifest.xml:114:25-66
208
209                <category android:name="android.cts.intent.category.MANUAL_TEST" />
209-->ctsVerifier\ctsVSrc\AndroidManifest.xml:115:17-84
209-->ctsVerifier\ctsVSrc\AndroidManifest.xml:115:27-81
210            </intent-filter>
211
212            <meta-data
212-->ctsVerifier\ctsVSrc\AndroidManifest.xml:117:13-106
213                android:name="test_category"
213-->ctsVerifier\ctsVSrc\AndroidManifest.xml:117:24-52
214                android:value="@string/test_category_device_admin" />
214-->ctsVerifier\ctsVSrc\AndroidManifest.xml:117:53-103
215            <meta-data
215-->ctsVerifier\ctsVSrc\AndroidManifest.xml:130:13-131:69
216                android:name="test_required_features"
216-->ctsVerifier\ctsVSrc\AndroidManifest.xml:130:24-61
217                android:value="android.software.device_admin" />
217-->ctsVerifier\ctsVSrc\AndroidManifest.xml:131:21-66
218        </activity>
219
220        <receiver
220-->ctsVerifier\ctsVSrc\AndroidManifest.xml:158:9-165:20
221            android:name="com.android.cts.verifier.admin.tapjacking.EmptyDeviceAdminReceiver"
221-->ctsVerifier\ctsVSrc\AndroidManifest.xml:158:19-76
222            android:permission="android.permission.BIND_DEVICE_ADMIN" >
222-->ctsVerifier\ctsVSrc\AndroidManifest.xml:159:19-76
223            <meta-data
223-->ctsVerifier\ctsVSrc\AndroidManifest.xml:160:13-161:74
224                android:name="android.app.device_admin"
224-->ctsVerifier\ctsVSrc\AndroidManifest.xml:160:24-63
225                android:resource="@xml/tapjacking_device_admin" />
225-->ctsVerifier\ctsVSrc\AndroidManifest.xml:161:24-71
226
227            <intent-filter>
227-->ctsVerifier\ctsVSrc\AndroidManifest.xml:162:13-164:29
228                <action android:name="android.app.action.DEVICE_ADMIN_ENABLED" />
228-->ctsVerifier\ctsVSrc\AndroidManifest.xml:163:17-81
228-->ctsVerifier\ctsVSrc\AndroidManifest.xml:163:25-79
229            </intent-filter>
230        </receiver>
231
232        <activity
232-->ctsVerifier\ctsVSrc\AndroidManifest.xml:167:9-170:50
233            android:name="com.android.cts.verifier.admin.tapjacking.OverlayingActivity"
233-->ctsVerifier\ctsVSrc\AndroidManifest.xml:168:13-64
234            android:label="Overlaying Activity"
234-->ctsVerifier\ctsVSrc\AndroidManifest.xml:170:13-48
235            android:theme="@style/OverlayTheme" />
235-->ctsVerifier\ctsVSrc\AndroidManifest.xml:169:13-48
236        <activity
236-->ctsVerifier\ctsVSrc\AndroidManifest.xml:172:9-182:20
237            android:name="com.android.cts.verifier.companion.CompanionDeviceTestActivity"
237-->ctsVerifier\ctsVSrc\AndroidManifest.xml:172:19-72
238            android:configChanges="keyboardHidden|orientation|screenSize"
238-->ctsVerifier\ctsVSrc\AndroidManifest.xml:174:19-80
239            android:label="@string/companion_test" >
239-->ctsVerifier\ctsVSrc\AndroidManifest.xml:173:19-57
240            <intent-filter>
240-->ctsVerifier\ctsVSrc\AndroidManifest.xml:113:13-116:29
241                <action android:name="android.intent.action.MAIN" />
241-->ctsVerifier\ctsVSrc\AndroidManifest.xml:114:17-69
241-->ctsVerifier\ctsVSrc\AndroidManifest.xml:114:25-66
242
243                <category android:name="android.cts.intent.category.MANUAL_TEST" />
243-->ctsVerifier\ctsVSrc\AndroidManifest.xml:115:17-84
243-->ctsVerifier\ctsVSrc\AndroidManifest.xml:115:27-81
244            </intent-filter>
245
246            <meta-data
246-->ctsVerifier\ctsVSrc\AndroidManifest.xml:117:13-106
247                android:name="test_category"
247-->ctsVerifier\ctsVSrc\AndroidManifest.xml:117:24-52
248                android:value="@string/test_category_features" />
248-->ctsVerifier\ctsVSrc\AndroidManifest.xml:117:53-103
249            <meta-data
249-->ctsVerifier\ctsVSrc\AndroidManifest.xml:130:13-131:69
250                android:name="test_required_features"
250-->ctsVerifier\ctsVSrc\AndroidManifest.xml:130:24-61
251                android:value="android.software.companion_device_setup" />
251-->ctsVerifier\ctsVSrc\AndroidManifest.xml:131:21-66
252        </activity>
253
254        <!--
255        A generic activity for intent based tests.
256        stateNotNeeded is defined ot prevent IntentDrivenTestActivity from being killed when
257        switching users. IntentDrivenTestActivity does not implement onSaveInstanceState() so it is
258        fine to ignore onSaveInstanceState() not being called.
259        -->
260        <activity
260-->ctsVerifier\ctsVSrc\AndroidManifest.xml:189:9-190:48
261            android:name="com.android.cts.verifier.IntentDrivenTestActivity"
261-->ctsVerifier\ctsVSrc\AndroidManifest.xml:189:19-59
262            android:stateNotNeeded="true" />
262-->ctsVerifier\ctsVSrc\AndroidManifest.xml:190:17-46
263        <activity
263-->ctsVerifier\ctsVSrc\AndroidManifest.xml:192:9-204:20
264            android:name="com.android.cts.verifier.admin.DeviceAdminKeyguardDisabledFeaturesActivity"
264-->ctsVerifier\ctsVSrc\AndroidManifest.xml:192:19-84
265            android:configChanges="keyboardHidden|orientation|screenSize"
265-->ctsVerifier\ctsVSrc\AndroidManifest.xml:194:17-78
266            android:label="@string/da_kg_disabled_features_test" >
266-->ctsVerifier\ctsVSrc\AndroidManifest.xml:193:17-69
267            <intent-filter>
267-->ctsVerifier\ctsVSrc\AndroidManifest.xml:113:13-116:29
268                <action android:name="android.intent.action.MAIN" />
268-->ctsVerifier\ctsVSrc\AndroidManifest.xml:114:17-69
268-->ctsVerifier\ctsVSrc\AndroidManifest.xml:114:25-66
269
270                <category android:name="android.cts.intent.category.MANUAL_TEST" />
270-->ctsVerifier\ctsVSrc\AndroidManifest.xml:115:17-84
270-->ctsVerifier\ctsVSrc\AndroidManifest.xml:115:27-81
271            </intent-filter>
272
273            <meta-data
273-->ctsVerifier\ctsVSrc\AndroidManifest.xml:117:13-106
274                android:name="test_category"
274-->ctsVerifier\ctsVSrc\AndroidManifest.xml:117:24-52
275                android:value="@string/test_category_device_admin" />
275-->ctsVerifier\ctsVSrc\AndroidManifest.xml:117:53-103
276            <meta-data
276-->ctsVerifier\ctsVSrc\AndroidManifest.xml:128:13-129:79
277                android:name="test_excluded_features"
277-->ctsVerifier\ctsVSrc\AndroidManifest.xml:128:24-61
278                android:value="android.software.lockscreen_disabled" />
278-->ctsVerifier\ctsVSrc\AndroidManifest.xml:129:24-76
279            <meta-data
279-->ctsVerifier\ctsVSrc\AndroidManifest.xml:130:13-131:69
280                android:name="test_required_features"
280-->ctsVerifier\ctsVSrc\AndroidManifest.xml:130:24-61
281                android:value="android.software.device_admin" />
281-->ctsVerifier\ctsVSrc\AndroidManifest.xml:131:21-66
282        </activity>
283        <activity
283-->ctsVerifier\ctsVSrc\AndroidManifest.xml:206:9-218:20
284            android:name="com.android.cts.verifier.admin.RedactedNotificationKeyguardDisabledFeaturesActivity"
284-->ctsVerifier\ctsVSrc\AndroidManifest.xml:206:19-93
285            android:configChanges="keyboardHidden|orientation|screenSize"
285-->ctsVerifier\ctsVSrc\AndroidManifest.xml:208:17-78
286            android:label="@string/rn_kg_disabled_features_test" >
286-->ctsVerifier\ctsVSrc\AndroidManifest.xml:207:17-69
287            <intent-filter>
287-->ctsVerifier\ctsVSrc\AndroidManifest.xml:113:13-116:29
288                <action android:name="android.intent.action.MAIN" />
288-->ctsVerifier\ctsVSrc\AndroidManifest.xml:114:17-69
288-->ctsVerifier\ctsVSrc\AndroidManifest.xml:114:25-66
289
290                <category android:name="android.cts.intent.category.MANUAL_TEST" />
290-->ctsVerifier\ctsVSrc\AndroidManifest.xml:115:17-84
290-->ctsVerifier\ctsVSrc\AndroidManifest.xml:115:27-81
291            </intent-filter>
292
293            <meta-data
293-->ctsVerifier\ctsVSrc\AndroidManifest.xml:117:13-106
294                android:name="test_category"
294-->ctsVerifier\ctsVSrc\AndroidManifest.xml:117:24-52
295                android:value="@string/test_category_device_admin" />
295-->ctsVerifier\ctsVSrc\AndroidManifest.xml:117:53-103
296            <meta-data
296-->ctsVerifier\ctsVSrc\AndroidManifest.xml:130:13-131:69
297                android:name="test_required_features"
297-->ctsVerifier\ctsVSrc\AndroidManifest.xml:130:24-61
298                android:value="android.software.device_admin" />
298-->ctsVerifier\ctsVSrc\AndroidManifest.xml:131:21-66
299            <meta-data
299-->ctsVerifier\ctsVSrc\AndroidManifest.xml:128:13-129:79
300                android:name="test_excluded_features"